<?xml version="1.0" encoding="UTF-8"?>
<testng-results ignored="0" total="3" passed="3" failed="0" skipped="0">
  <reporter-output>
  </reporter-output>
  <suite started-at="2026-01-05T18:11:06 MST" name="Default suite" finished-at="2026-01-05T18:11:13 MST" duration-ms="7208">
    <groups>
    </groups>
    <test started-at="2026-01-05T18:11:06 MST" name="Default test" finished-at="2026-01-05T18:11:13 MST" duration-ms="7208">
      <class name="SauceDemoTest">
        <test-method is-config="true" signature="Setup()[pri:0, instance:SauceDemoTest@49872d67]" started-at="2026-01-05T18:11:06 MST" name="Setup" finished-at="2026-01-05T18:11:07 MST" duration-ms="1806" status="PASS">
          <reporter-output>
          </reporter-output>
        </test-method> <!-- Setup -->
        <test-method signature="Login()[pri:1, instance:SauceDemoTest@49872d67]" started-at="2026-01-05T18:11:07 MST" name="Login" finished-at="2026-01-05T18:11:08 MST" duration-ms="511" status="PASS">
          <reporter-output>
          </reporter-output>
        </test-method> <!-- Login -->
        <test-method signature="AddRandomlyItems()[pri:2, instance:SauceDemoTest@49872d67]" started-at="2026-01-05T18:11:08 MST" name="AddRandomlyItems" finished-at="2026-01-05T18:11:09 MST" duration-ms="730" status="PASS">
          <reporter-output>
          </reporter-output>
        </test-method> <!-- AddRandomlyItems -->
        <test-method signature="Checkout()[pri:3, instance:SauceDemoTest@49872d67]" started-at="2026-01-05T18:11:09 MST" name="Checkout" finished-at="2026-01-05T18:11:13 MST" duration-ms="3996" status="PASS">
          <reporter-output>
          </reporter-output>
        </test-method> <!-- Checkout -->
      </class> <!-- SauceDemoTest -->
    </test> <!-- Default test -->
  </suite> <!-- Default suite -->
</testng-results>
