<?xml version="1.0" encoding="UTF-8"?>
<!-- Generated by org.testng.reporters.JUnitReportReporter -->
<testsuite hostname="HP" failures="0" tests="5" name="saucedemo.testone" time="7.482" errors="0" timestamp="2025-11-30T17:59:48 MST" skipped="0">
  <testcase classname="saucedemo.testone" name="addandremov" time="1.736"/>
  <testcase classname="saucedemo.testone" name="addandremov" time="3.266"/>
  <testcase classname="saucedemo.testone" name="addandremov" time="1.485"/>
  <testcase classname="saucedemo.testone" name="cart" time="0.407"/>
  <testcase classname="saucedemo.testone" name="myinformatio" time="0.588"/>
</testsuite> <!-- saucedemo.testone -->
