<?xml version="1.0" encoding="UTF-8"?>
<!-- Generated by org.testng.reporters.JUnitReportReporter -->
<testsuite hostname="HP" failures="0" tests="6" name="myfirstproject.saucedemotest" time="11.252" errors="0" timestamp="2025-12-08T22:01:48 MST" skipped="1">
  <testcase classname="myfirstproject.saucedemotest" name="login" time="0.575"/>
  <testcase classname="myfirstproject.saucedemotest" name="addandremov" time="1.998"/>
  <testcase classname="myfirstproject.saucedemotest" name="addcart" time="0.675"/>
  <testcase classname="myfirstproject.saucedemotest" name="cart" time="3.983"/>
  <testcase classname="myfirstproject.saucedemotest" name="myinformatio" time="4.021"/>
  <testcase classname="myfirstproject.saucedemotest" name="remove">
    <skipped/>
  </testcase> <!-- remove -->
</testsuite> <!-- myfirstproject.saucedemotest -->
