<?xml version="1.0" encoding="UTF-8"?>
<!-- Generated by org.testng.reporters.JUnitReportReporter -->
<testsuite hostname="HP" failures="0" tests="5" name="saucedemo.testone" time="8.650" errors="0" timestamp="2025-12-03T22:26:04 MST" skipped="0">
  <testcase classname="saucedemo.testone" name="addandremov" time="1.806"/>
  <testcase classname="saucedemo.testone" name="addandremov" time="3.862"/>
  <testcase classname="saucedemo.testone" name="addandremov" time="1.719"/>
  <testcase classname="saucedemo.testone" name="cart" time="0.686"/>
  <testcase classname="saucedemo.testone" name="myinformatio" time="0.577"/>
</testsuite> <!-- saucedemo.testone -->
